<?xml version="1.0" encoding="UTF-8"?>
<!-- Generated by org.testng.reporters.JUnitReportReporter -->
<testsuite hostname="RPIPL2-HE-DV015" failures="0" tests="8" name="com.realpage.qa.affordable.testscripts.HomePageTests" time="355.737" errors="1" timestamp="17 Jul 2018 14:01:50 GMT">
  <testcase classname="com.realpage.qa.affordable.testscripts.HomePageTests" name="verifyNewProspectLinkTest" time="43.589"/>
  <testcase classname="com.realpage.qa.affordable.testscripts.HomePageTests" name="verifyFindPersonLinkTest" time="51.514"/>
  <testcase classname="com.realpage.qa.affordable.testscripts.HomePageTests" name="verifyAccountingLinkTest" time="43.153"/>
  <testcase classname="com.realpage.qa.affordable.testscripts.HomePageTests" name="verifyCalculatorLinkTest" time="43.452"/>
  <testcase classname="com.realpage.qa.affordable.testscripts.HomePageTests" name="verifyAvailableUnitsLinkTest" time="44.670"/>
  <testcase classname="com.realpage.qa.affordable.testscripts.HomePageTests" name="verifyQuickQualifyLinkTest" time="43.516"/>
  <testcase classname="com.realpage.qa.affordable.testscripts.HomePageTests" name="verifyLedgerLinkTest" time="43.055"/>
  <testcase classname="com.realpage.qa.affordable.testscripts.HomePageTests" name="verifyHomePageTitleTest" time="42.788">
    <error message="Home page title not matched expected [datafix2016a.onesite.realpage.com (221122)] but found [datafix2016a.onesite.realpage.com (221270)]" type="java.lang.AssertionError">
      <![CDATA[java.lang.AssertionError: Home page title not matched expected [datafix2016a.onesite.realpage.com (221122)] but found [datafix2016a.onesite.realpage.com (221270)]
	at org.testng.Assert.fail(Assert.java:94)
	at org.testng.Assert.failNotEquals(Assert.java:494)
	at org.testng.Assert.assertEquals(Assert.java:123)
	at org.testng.Assert.assertEquals(Assert.java:176)
	at com.realpage.qa.affordable.testscripts.HomePageTests.verifyHomePageTitleTest(HomePageTests.java:37)
	at java.base/jdk.internal.reflect.NativeMethodAccessorImpl.invoke0(Native Method)
	at java.base/jdk.internal.reflect.NativeMethodAccessorImpl.invoke(NativeMethodAccessorImpl.java:62)
	at java.base/jdk.internal.reflect.DelegatingMethodAccessorImpl.invoke(DelegatingMethodAccessorImpl.java:43)
	at java.base/java.lang.reflect.Method.invoke(Method.java:564)
	at org.testng.internal.MethodInvocationHelper.invokeMethod(MethodInvocationHelper.java:80)
	at org.testng.internal.Invoker.invokeMethod(Invoker.java:714)
	at org.testng.internal.Invoker.invokeTestMethod(Invoker.java:901)
	at org.testng.internal.Invoker.invokeTestMethods(Invoker.java:1231)
	at org.testng.internal.TestMethodWorker.invokeTestMethods(TestMethodWorker.java:127)
	at org.testng.internal.TestMethodWorker.run(TestMethodWorker.java:111)
	at org.testng.TestRunner.privateRun(TestRunner.java:767)
	at org.testng.TestRunner.run(TestRunner.java:617)
	at org.testng.SuiteRunner.runTest(SuiteRunner.java:334)
	at org.testng.SuiteRunner.runSequentially(SuiteRunner.java:329)
	at org.testng.SuiteRunner.privateRun(SuiteRunner.java:291)
	at org.testng.SuiteRunner.run(SuiteRunner.java:240)
	at org.testng.SuiteRunnerWorker.runSuite(SuiteRunnerWorker.java:52)
	at org.testng.SuiteRunnerWorker.run(SuiteRunnerWorker.java:86)
	at org.testng.TestNG.runSuitesSequentially(TestNG.java:1198)
	at org.testng.TestNG.runSuitesLocally(TestNG.java:1123)
	at org.testng.TestNG.run(TestNG.java:1031)
	at org.testng.remote.AbstractRemoteTestNG.run(AbstractRemoteTestNG.java:114)
	at org.testng.remote.RemoteTestNG.initAndRun(RemoteTestNG.java:251)
	at org.testng.remote.RemoteTestNG.main(RemoteTestNG.java:77)
]]>
    </error>
  </testcase> <!-- verifyHomePageTitleTest -->
</testsuite> <!-- com.realpage.qa.affordable.testscripts.HomePageTests -->
